<?xml version="1.0" encoding="UTF-8"?>
<!-- Generated by org.testng.reporters.JUnitReportReporter -->
<testsuite hostname="DESKTOP-G86MNO3" failures="0" tests="3" name="com.crm.qa.testcases.LoginPageTest" time="208.717" errors="0" timestamp="2022-02-14T19:07:35 IST" skipped="0">
  <testcase classname="com.crm.qa.testcases.LoginPageTest" name="loginPageTitleTest" time="113.151"/>
  <system-out/>
  <testcase classname="com.crm.qa.testcases.LoginPageTest" name="bellTest" time="54.382"/>
  <system-out/>
  <testcase classname="com.crm.qa.testcases.LoginPageTest" name="loginTest" time="41.184"/>
  <system-out/>
</testsuite> <!-- com.crm.qa.testcases.LoginPageTest -->
