<?xml version="1.0" encoding="UTF-8"?>
<!-- Generated by org.testng.reporters.JUnitReportReporter -->
<testsuite hostname="DESKTOP-G86MNO3" failures="0" tests="2" name="com.crm.qa.testcases.HomePageTest" time="128.905" errors="0" timestamp="2022-02-15T10:25:14 IST" skipped="0">
  <testcase classname="com.crm.qa.testcases.HomePageTest" name="verifyHomePageTest" time="86.597"/>
  <system-out/>
  <testcase classname="com.crm.qa.testcases.HomePageTest" name="verifyContact" time="42.308"/>
  <system-out/>
</testsuite> <!-- com.crm.qa.testcases.HomePageTest -->
